
19/06/2010 02:27:45.156 Fecha - Hora:19/06/2010 02:27:45 p.m.
Error en tbrBingo.
19/06/2010 02:27:45.156 Error global.
19/06/2010 02:27:45.336 Source: mscorlib
19/06/2010 02:27:45.336 Method: ThrowArgumentOutOfRangeException
19/06/2010 02:27:45.336 Error: El índice estaba fuera del intervalo. Debe ser un valor no negativo e inferior al tamaño de la colección.
Nombre del parámetro: index
19/06/2010 02:27:45.346 Stack Trace:    en System.ThrowHelper.ThrowArgumentOutOfRangeException(ExceptionArgument argument, ExceptionResource resource)
   en System.ThrowHelper.ThrowArgumentOutOfRangeException()
   en System.Collections.Generic.List`1.get_Item(Int32 index)
   en BLBingo.CartonManager.GetRandom(Int64 pCantidad) en X:\win-d\dev\tbrBingo\trunk\BLBingo\CartonManager.cs:línea 60
   en BLBingo.CartonBingoManager.GetRandom(Int32 pCantidad) en X:\win-d\dev\tbrBingo\trunk\BLBingo\CartonBingoManager.cs:línea 122
   en tbrBingo.frmABMBingo.cmdAceptar_Click(Object sender, EventArgs e) en X:\win-d\dev\tbrBingo\trunk\tbrBingo\frmABMBingo.cs:línea 48
   en System.Windows.Forms.Control.OnClick(EventArgs e)
   en System.Windows.Forms.Button.OnClick(EventArgs e)
   en System.Windows.Forms.Button.OnMouseUp(MouseEventArgs mevent)
   en System.Windows.Forms.Control.WmMouseUp(Message& m, MouseButtons button, Int32 clicks)
   en System.Windows.Forms.Control.WndProc(Message& m)
   en System.Windows.Forms.ButtonBase.WndProc(Message& m)
   en System.Windows.Forms.Button.WndProc(Message& m)
   en System.Windows.Forms.Control.ControlNativeWindow.OnMessage(Message& m)
   en System.Windows.Forms.Control.ControlNativeWindow.WndProc(Message& m)
   en System.Windows.Forms.NativeWindow.DebuggableCallback(IntPtr hWnd, Int32 msg, IntPtr wparam, IntPtr lparam)
   en System.Windows.Forms.UnsafeNativeMethods.DispatchMessageW(MSG& msg)
   en System.Windows.Forms.Application.ComponentManager.System.Windows.Forms.UnsafeNativeMethods.IMsoComponentManager.FPushMessageLoop(Int32 dwComponentID, Int32 reason, Int32 pvLoopData)
   en System.Windows.Forms.Application.ThreadContext.RunMessageLoopInner(Int32 reason, ApplicationContext context)
   en System.Windows.Forms.Application.ThreadContext.RunMessageLoop(Int32 reason, ApplicationContext context)
   en System.Windows.Forms.Application.Run(Form mainForm)
   en tbrBingo.Program.Main() en X:\win-d\dev\tbrBingo\trunk\tbrBingo\Program.cs:línea 29